--- Startup times for process: Primary (or UI client) ---

times in msec
 clock   self+sourced   self:  sourced script
 clock   elapsed:              other lines

000.001  000.001: --- NVIM STARTING ---
000.095  000.094: event init
000.157  000.062: early init
000.198  000.041: locale set
000.236  000.038: init first window
000.525  000.289: inits 1
000.538  000.013: window checked
000.541  000.003: parsing arguments
000.889  000.030  000.030: require('vim.shared')
000.964  000.031  000.031: require('vim.inspect')
001.002  000.032  000.032: require('vim._options')
001.004  000.110  000.047: require('vim._editor')
001.005  000.163  000.023: require('vim._init_packages')
001.007  000.303: init lua interpreter
003.075  002.069: nvim_ui_attach
003.249  000.174: nvim_set_client_info
003.254  000.004: --- NVIM STARTED ---

--- Startup times for process: Embedded ---

times in msec
 clock   self+sourced   self:  sourced script
 clock   elapsed:              other lines

000.002  000.002: --- NVIM STARTING ---
000.112  000.110: event init
000.188  000.076: early init
000.249  000.060: locale set
000.297  000.049: init first window
000.609  000.312: inits 1
000.623  000.014: window checked
000.626  000.002: parsing arguments
001.031  000.029  000.029: require('vim.shared')
001.099  000.029  000.029: require('vim.inspect')
001.140  000.035  000.035: require('vim._options')
001.142  000.107  000.044: require('vim._editor')
001.143  000.158  000.021: require('vim._init_packages')
001.144  000.361: init lua interpreter
001.197  000.053: expanding arguments
001.215  000.018: inits 2
001.407  000.192: init highlight
001.409  000.002: waiting for UI
001.511  000.102: done waiting for UI
001.515  000.005: clear screen
001.608  000.008  000.008: require('vim.keymap')
001.994  000.066  000.066: sourcing nvim_exec2()
002.075  000.558  000.484: require('vim._defaults')
002.076  000.002: init default mappings & autocommands
002.184  000.109: --cmd commands
002.824  000.026  000.026: sourcing /nix/store/q8x36vpi3y15klrf1fkf2bc002vi1w8d-neovim-unwrapped-0.11.5/share/nvim/runtime/ftplugin.vim
002.920  000.012  000.012: sourcing /nix/store/q8x36vpi3y15klrf1fkf2bc002vi1w8d-neovim-unwrapped-0.11.5/share/nvim/runtime/indent.vim
003.052  000.106  000.106: sourcing /usr/share/nvim/archlinux.lua
003.055  000.118  000.012: sourcing /etc/xdg/nvim/sysinit.vim
004.074  000.621  000.621: require('catppuccin')
004.345  000.025  000.025: require('catppuccin.lib.hashing')
005.467  001.022  001.022: sourcing /nix/store/vxz37q4mvb6mgpnsndgls4k8h912xki7-mnw-configDir/pack/mnw/start/catppuccin/colors/catppuccin.vim
005.622  000.106  000.106: require('lz.n')
005.711  000.075  000.075: require('lz.n.spec')
005.933  000.220  000.220: require('vim.iter')
006.321  000.059  000.059: require('lz.n.loader')
006.362  000.040  000.040: require('lz.n.handler.state')
006.364  000.153  000.054: require('lz.n.handler.cmd')
006.449  000.084  000.084: require('lz.n.handler.event')
006.480  000.031  000.031: require('lz.n.handler.ft')
006.548  000.067  000.067: require('lz.n.handler.keys')
006.582  000.034  000.034: require('lz.n.handler.colorscheme')
006.608  000.025  000.025: require('lz.n.handler.lazy')
006.609  000.465  000.071: require('lz.n.handler')
007.722  000.064  000.064: require('lzn-auto-require')
008.298  000.147  000.147: require('dap.utils')
008.333  000.609  000.462: require('dap')
008.653  000.316  000.316: require('conform')
009.033  000.028  000.028: require('git-conflict.colors')
009.074  000.038  000.038: require('git-conflict.utils')
009.363  000.218  000.218: require('vim.health')
009.365  000.288  000.070: require('vim.deprecated.health')
009.524  000.142  000.142: require('vim.hl')
009.542  000.873  000.377: require('git-conflict')
009.943  000.144  000.144: require('gitsigns')
010.084  000.130  000.130: require('gitsigns.config')
010.386  000.213  000.213: require('gitsigns.highlight')
010.482  000.091  000.091: require('gitsigns.debug.log')
010.705  000.040  000.040: require('gitsigns.debounce')
011.144  000.145  000.145: require('ibl.utils')
011.147  000.236  000.091: require('ibl.config')
011.270  000.045  000.045: require('ibl.indent')
011.272  000.124  000.079: require('ibl.hooks')
011.273  000.407  000.046: require('ibl.highlights')
011.305  000.032  000.032: require('ibl.autocmds')
011.354  000.048  000.048: require('ibl.inlay_hints')
011.404  000.050  000.050: require('ibl.virt_text')
011.600  000.150  000.150: require('ibl.scope_languages')
011.602  000.197  000.047: require('ibl.scope')
011.605  000.885  000.152: require('ibl')
012.251  000.013  000.013: require('vim.fs')
012.263  000.132  000.119: require('vim.lsp.log')
012.638  000.374  000.374: require('vim.lsp.protocol')
013.370  000.729  000.729: require('vim.lsp.util')
013.661  000.127  000.127: require('vim.lsp.sync')
013.664  000.293  000.165: require('vim.lsp._changetracking')
014.009  000.098  000.098: require('vim.lsp._transport')
014.019  000.344  000.246: require('vim.lsp.rpc')
014.063  002.316  000.444: require('vim.lsp')
014.671  000.316  000.316: require('vim.lsp.completion')
014.703  000.639  000.323: require('vim.lsp.handlers')
015.229  000.076  000.076: require('lualine_require')
015.469  000.682  000.605: require('lualine')
015.641  000.008  000.008: sourcing nvim_exec2() called at /nix/store/vxz37q4mvb6mgpnsndgls4k8h912xki7-mnw-configDir/init.lua:0
015.985  000.024  000.024: require('catppuccin.utils.lualine')
016.007  000.020  000.020: require('catppuccin.palettes')
016.022  000.014  000.014: require('catppuccin.palettes.macchiato')
016.214  000.005  000.005: sourcing nvim_exec2() called at /nix/store/vxz37q4mvb6mgpnsndgls4k8h912xki7-mnw-configDir/init.lua:0
016.220  000.002  000.002: sourcing nvim_exec2() called at /nix/store/vxz37q4mvb6mgpnsndgls4k8h912xki7-mnw-configDir/init.lua:0
016.224  000.001  000.001: sourcing nvim_exec2() called at /nix/store/vxz37q4mvb6mgpnsndgls4k8h912xki7-mnw-configDir/init.lua:0
016.228  000.001  000.001: sourcing nvim_exec2() called at /nix/store/vxz37q4mvb6mgpnsndgls4k8h912xki7-mnw-configDir/init.lua:0
016.231  000.001  000.001: sourcing nvim_exec2() called at /nix/store/vxz37q4mvb6mgpnsndgls4k8h912xki7-mnw-configDir/init.lua:0
016.234  000.001  000.001: sourcing nvim_exec2() called at /nix/store/vxz37q4mvb6mgpnsndgls4k8h912xki7-mnw-configDir/init.lua:0
016.237  000.001  000.001: sourcing nvim_exec2() called at /nix/store/vxz37q4mvb6mgpnsndgls4k8h912xki7-mnw-configDir/init.lua:0
016.244  000.005  000.005: sourcing nvim_exec2() called at /nix/store/vxz37q4mvb6mgpnsndgls4k8h912xki7-mnw-configDir/init.lua:0
016.248  000.001  000.001: sourcing nvim_exec2() called at /nix/store/vxz37q4mvb6mgpnsndgls4k8h912xki7-mnw-configDir/init.lua:0
016.252  000.001  000.001: sourcing nvim_exec2() called at /nix/store/vxz37q4mvb6mgpnsndgls4k8h912xki7-mnw-configDir/init.lua:0
016.255  000.001  000.001: sourcing nvim_exec2() called at /nix/store/vxz37q4mvb6mgpnsndgls4k8h912xki7-mnw-configDir/init.lua:0
016.257  000.001  000.001: sourcing nvim_exec2() called at /nix/store/vxz37q4mvb6mgpnsndgls4k8h912xki7-mnw-configDir/init.lua:0
016.260  000.001  000.001: sourcing nvim_exec2() called at /nix/store/vxz37q4mvb6mgpnsndgls4k8h912xki7-mnw-configDir/init.lua:0
016.263  000.001  000.001: sourcing nvim_exec2() called at /nix/store/vxz37q4mvb6mgpnsndgls4k8h912xki7-mnw-configDir/init.lua:0
016.273  000.007  000.007: sourcing nvim_exec2() called at /nix/store/vxz37q4mvb6mgpnsndgls4k8h912xki7-mnw-configDir/init.lua:0
016.278  000.002  000.002: sourcing nvim_exec2() called at /nix/store/vxz37q4mvb6mgpnsndgls4k8h912xki7-mnw-configDir/init.lua:0
016.287  000.004  000.004: sourcing nvim_exec2() called at /nix/store/vxz37q4mvb6mgpnsndgls4k8h912xki7-mnw-configDir/init.lua:0
016.300  000.009  000.009: sourcing nvim_exec2() called at /nix/store/vxz37q4mvb6mgpnsndgls4k8h912xki7-mnw-configDir/init.lua:0
016.674  000.009  000.009: sourcing nvim_exec2() called at /nix/store/vxz37q4mvb6mgpnsndgls4k8h912xki7-mnw-configDir/init.lua:0
016.710  000.002  000.002: sourcing nvim_exec2() called at /nix/store/vxz37q4mvb6mgpnsndgls4k8h912xki7-mnw-configDir/init.lua:0
016.765  000.001  000.001: sourcing nvim_exec2() called at /nix/store/vxz37q4mvb6mgpnsndgls4k8h912xki7-mnw-configDir/init.lua:0
016.996  000.005  000.005: sourcing nvim_exec2() called at /nix/store/vxz37q4mvb6mgpnsndgls4k8h912xki7-mnw-configDir/init.lua:0
017.002  000.003  000.003: sourcing nvim_exec2() called at /nix/store/vxz37q4mvb6mgpnsndgls4k8h912xki7-mnw-configDir/init.lua:0
017.228  000.003  000.003: sourcing nvim_exec2() called at /nix/store/vxz37q4mvb6mgpnsndgls4k8h912xki7-mnw-configDir/init.lua:0
017.234  000.001  000.001: sourcing nvim_exec2() called at /nix/store/vxz37q4mvb6mgpnsndgls4k8h912xki7-mnw-configDir/init.lua:0
017.238  000.001  000.001: sourcing nvim_exec2() called at /nix/store/vxz37q4mvb6mgpnsndgls4k8h912xki7-mnw-configDir/init.lua:0
017.242  000.001  000.001: sourcing nvim_exec2() called at /nix/store/vxz37q4mvb6mgpnsndgls4k8h912xki7-mnw-configDir/init.lua:0
017.272  000.001  000.001: sourcing nvim_exec2() called at /nix/store/vxz37q4mvb6mgpnsndgls4k8h912xki7-mnw-configDir/init.lua:0
017.275  000.001  000.001: sourcing nvim_exec2() called at /nix/store/vxz37q4mvb6mgpnsndgls4k8h912xki7-mnw-configDir/init.lua:0
017.279  000.002  000.002: sourcing nvim_exec2() called at /nix/store/vxz37q4mvb6mgpnsndgls4k8h912xki7-mnw-configDir/init.lua:0
017.285  000.001  000.001: sourcing nvim_exec2() called at /nix/store/vxz37q4mvb6mgpnsndgls4k8h912xki7-mnw-configDir/init.lua:0
017.288  000.001  000.001: sourcing nvim_exec2() called at /nix/store/vxz37q4mvb6mgpnsndgls4k8h912xki7-mnw-configDir/init.lua:0
017.292  000.001  000.001: sourcing nvim_exec2() called at /nix/store/vxz37q4mvb6mgpnsndgls4k8h912xki7-mnw-configDir/init.lua:0
017.311  000.001  000.001: sourcing nvim_exec2() called at /nix/store/vxz37q4mvb6mgpnsndgls4k8h912xki7-mnw-configDir/init.lua:0
017.324  000.001  000.001: sourcing nvim_exec2() called at /nix/store/vxz37q4mvb6mgpnsndgls4k8h912xki7-mnw-configDir/init.lua:0
017.334  000.001  000.001: sourcing nvim_exec2() called at /nix/store/vxz37q4mvb6mgpnsndgls4k8h912xki7-mnw-configDir/init.lua:0
017.355  000.001  000.001: sourcing nvim_exec2() called at /nix/store/vxz37q4mvb6mgpnsndgls4k8h912xki7-mnw-configDir/init.lua:0
017.371  000.001  000.001: sourcing nvim_exec2() called at /nix/store/vxz37q4mvb6mgpnsndgls4k8h912xki7-mnw-configDir/init.lua:0
017.374  000.001  000.001: sourcing nvim_exec2() called at /nix/store/vxz37q4mvb6mgpnsndgls4k8h912xki7-mnw-configDir/init.lua:0
017.377  000.001  000.001: sourcing nvim_exec2() called at /nix/store/vxz37q4mvb6mgpnsndgls4k8h912xki7-mnw-configDir/init.lua:0
017.380  000.001  000.001: sourcing nvim_exec2() called at /nix/store/vxz37q4mvb6mgpnsndgls4k8h912xki7-mnw-configDir/init.lua:0
017.387  000.001  000.001: sourcing nvim_exec2() called at /nix/store/vxz37q4mvb6mgpnsndgls4k8h912xki7-mnw-configDir/init.lua:0
017.390  000.001  000.001: sourcing nvim_exec2() called at /nix/store/vxz37q4mvb6mgpnsndgls4k8h912xki7-mnw-configDir/init.lua:0
017.393  000.001  000.001: sourcing nvim_exec2() called at /nix/store/vxz37q4mvb6mgpnsndgls4k8h912xki7-mnw-configDir/init.lua:0
017.397  000.001  000.001: sourcing nvim_exec2() called at /nix/store/vxz37q4mvb6mgpnsndgls4k8h912xki7-mnw-configDir/init.lua:0
017.401  000.001  000.001: sourcing nvim_exec2() called at /nix/store/vxz37q4mvb6mgpnsndgls4k8h912xki7-mnw-configDir/init.lua:0
017.403  000.001  000.001: sourcing nvim_exec2() called at /nix/store/vxz37q4mvb6mgpnsndgls4k8h912xki7-mnw-configDir/init.lua:0
017.406  000.001  000.001: sourcing nvim_exec2() called at /nix/store/vxz37q4mvb6mgpnsndgls4k8h912xki7-mnw-configDir/init.lua:0
017.422  000.001  000.001: sourcing nvim_exec2() called at /nix/store/vxz37q4mvb6mgpnsndgls4k8h912xki7-mnw-configDir/init.lua:0
017.425  000.001  000.001: sourcing nvim_exec2() called at /nix/store/vxz37q4mvb6mgpnsndgls4k8h912xki7-mnw-configDir/init.lua:0
017.428  000.001  000.001: sourcing nvim_exec2() called at /nix/store/vxz37q4mvb6mgpnsndgls4k8h912xki7-mnw-configDir/init.lua:0
017.576  000.006  000.006: sourcing nvim_exec2() called at /nix/store/vxz37q4mvb6mgpnsndgls4k8h912xki7-mnw-configDir/init.lua:0
017.739  000.151  000.151: require('vim.lsp._folding_range')
017.750  000.004  000.004: sourcing nvim_exec2() called at /nix/store/vxz37q4mvb6mgpnsndgls4k8h912xki7-mnw-configDir/init.lua:0
017.760  000.009  000.009: sourcing nvim_exec2() called at /nix/store/vxz37q4mvb6mgpnsndgls4k8h912xki7-mnw-configDir/init.lua:0
017.766  000.003  000.003: sourcing nvim_exec2() called at /nix/store/vxz37q4mvb6mgpnsndgls4k8h912xki7-mnw-configDir/init.lua:0
017.770  000.002  000.002: sourcing nvim_exec2() called at /nix/store/vxz37q4mvb6mgpnsndgls4k8h912xki7-mnw-configDir/init.lua:0
018.170  000.396  000.396: require('oil')
018.211  000.040  000.040: require('oil.ringbuf')
018.309  000.097  000.097: require('oil.config')
019.107  000.721  000.721: require('vim.filetype')
019.583  000.074  000.074: require('oil.log')
019.589  000.241  000.167: require('oil.fs')
020.030  000.033  000.033: require('oil.constants')
020.039  000.449  000.417: require('oil.util')
020.114  000.071  000.071: require('rustaceanvim.config')
020.229  000.055  000.055: require('typst-preview.config')
020.449  000.103  000.103: require('typst-preview.utils')
020.454  000.224  000.121: require('typst-preview.fetch')
020.903  000.119  000.119: require('typst-preview.servers.factory')
020.905  000.185  000.066: require('typst-preview.servers.manager')
020.906  000.254  000.069: require('typst-preview.servers')
020.907  000.316  000.063: require('typst-preview.events.server')
020.966  000.059  000.059: require('typst-preview.events.editor')
020.967  000.426  000.051: require('typst-preview.events')
020.968  000.513  000.087: require('typst-preview.commands')
020.969  000.846  000.054: require('typst-preview')
021.096  000.066  000.066: require('which-key')
021.259  000.161  000.161: require('which-key.config')
021.968  000.004  000.004: require('vim.F')
021.976  000.538  000.534: require('vim.lsp.buf')
022.553  000.256  000.256: require('dap.ui')
022.565  000.570  000.314: require('dap.repl')
022.888  000.318  000.318: require('dap.ui.widgets')
023.392  000.234  000.234: require('gitsigns.async')
023.875  000.225  000.225: require('gitsigns.util')
023.880  000.486  000.262: require('gitsigns.hunks')
024.227  000.020  000.020: require('gitsigns.diff')
024.311  000.084  000.084: require('gitsigns.signs')
024.344  000.032  000.032: require('gitsigns.status')
024.458  000.114  000.114: require('gitsigns.cache')
024.466  000.585  000.335: require('gitsigns.manager')
024.489  000.023  000.023: require('gitsigns.message')
024.514  000.024  000.024: require('gitsigns.repeat')
024.549  001.616  000.264: require('gitsigns.actions')
024.606  021.540  005.535: sourcing /nix/store/vxz37q4mvb6mgpnsndgls4k8h912xki7-mnw-configDir/init.lua
024.610  000.730: sourcing vimrc file(s)
024.980  000.009  000.009: sourcing /usr/share/vim/vimfiles/ftdetect/PKGBUILD.vim
024.997  000.008  000.008: sourcing /usr/share/vim/vimfiles/ftdetect/SRCINFO.vim
025.018  000.011  000.011: sourcing /usr/share/vim/vimfiles/ftdetect/espeakfiletype.vim
025.044  000.018  000.018: sourcing /usr/share/vim/vimfiles/ftdetect/gnfiletype.vim
025.066  000.012  000.012: sourcing /usr/share/vim/vimfiles/ftdetect/meson.vim
025.068  000.280  000.222: sourcing nvim_exec2() called at /nix/store/q8x36vpi3y15klrf1fkf2bc002vi1w8d-neovim-unwrapped-0.11.5/share/nvim/runtime/filetype.lua:0
025.069  000.316  000.036: sourcing /nix/store/q8x36vpi3y15klrf1fkf2bc002vi1w8d-neovim-unwrapped-0.11.5/share/nvim/runtime/filetype.lua
025.223  000.033  000.033: sourcing /nix/store/q8x36vpi3y15klrf1fkf2bc002vi1w8d-neovim-unwrapped-0.11.5/share/nvim/runtime/syntax/synload.vim
025.271  000.169  000.136: sourcing /nix/store/q8x36vpi3y15klrf1fkf2bc002vi1w8d-neovim-unwrapped-0.11.5/share/nvim/runtime/syntax/syntax.vim
025.969  000.092  000.092: sourcing /nix/store/q8x36vpi3y15klrf1fkf2bc002vi1w8d-neovim-unwrapped-0.11.5/share/nvim/runtime/plugin/gzip.vim
026.274  000.073  000.073: sourcing /nix/store/q8x36vpi3y15klrf1fkf2bc002vi1w8d-neovim-unwrapped-0.11.5/share/nvim/runtime/pack/dist/opt/matchit/plugin/matchit.vim
026.307  000.325  000.251: sourcing /nix/store/q8x36vpi3y15klrf1fkf2bc002vi1w8d-neovim-unwrapped-0.11.5/share/nvim/runtime/plugin/matchit.vim
026.367  000.050  000.050: sourcing /nix/store/q8x36vpi3y15klrf1fkf2bc002vi1w8d-neovim-unwrapped-0.11.5/share/nvim/runtime/plugin/matchparen.vim
026.381  000.004  000.004: sourcing /nix/store/q8x36vpi3y15klrf1fkf2bc002vi1w8d-neovim-unwrapped-0.11.5/share/nvim/runtime/plugin/netrwPlugin.vim
026.529  000.138  000.138: sourcing /nix/store/q8x36vpi3y15klrf1fkf2bc002vi1w8d-neovim-unwrapped-0.11.5/share/nvim/runtime/plugin/rplugin.vim
026.585  000.039  000.039: sourcing /nix/store/q8x36vpi3y15klrf1fkf2bc002vi1w8d-neovim-unwrapped-0.11.5/share/nvim/runtime/plugin/shada.vim
026.620  000.010  000.010: sourcing /nix/store/q8x36vpi3y15klrf1fkf2bc002vi1w8d-neovim-unwrapped-0.11.5/share/nvim/runtime/plugin/spellfile.vim
026.682  000.046  000.046: sourcing /nix/store/q8x36vpi3y15klrf1fkf2bc002vi1w8d-neovim-unwrapped-0.11.5/share/nvim/runtime/plugin/tarPlugin.vim
026.736  000.010  000.010: sourcing /nix/store/q8x36vpi3y15klrf1fkf2bc002vi1w8d-neovim-unwrapped-0.11.5/share/nvim/runtime/plugin/tutor.vim
026.806  000.056  000.056: sourcing /nix/store/q8x36vpi3y15klrf1fkf2bc002vi1w8d-neovim-unwrapped-0.11.5/share/nvim/runtime/plugin/zipPlugin.vim
026.847  000.021  000.021: sourcing /nix/store/q8x36vpi3y15klrf1fkf2bc002vi1w8d-neovim-unwrapped-0.11.5/share/nvim/runtime/plugin/editorconfig.lua
026.888  000.027  000.027: sourcing /nix/store/q8x36vpi3y15klrf1fkf2bc002vi1w8d-neovim-unwrapped-0.11.5/share/nvim/runtime/plugin/man.lua
026.929  000.028  000.028: sourcing /nix/store/q8x36vpi3y15klrf1fkf2bc002vi1w8d-neovim-unwrapped-0.11.5/share/nvim/runtime/plugin/osc52.lua
026.956  000.014  000.014: sourcing /nix/store/q8x36vpi3y15klrf1fkf2bc002vi1w8d-neovim-unwrapped-0.11.5/share/nvim/runtime/plugin/tohtml.lua
027.224  000.219  000.219: sourcing /usr/share/vim/vimfiles/plugin/fzf.vim
027.226  001.053: loading rtp plugins
027.495  000.013  000.013: sourcing /nix/store/vxz37q4mvb6mgpnsndgls4k8h912xki7-mnw-configDir/pack/mnw/start/conform-nvim/plugin/conform.lua
027.576  000.018  000.018: sourcing /nix/store/vxz37q4mvb6mgpnsndgls4k8h912xki7-mnw-configDir/pack/mnw/start/gitsigns-nvim/plugin/gitsigns.lua
027.717  000.056  000.056: sourcing /nix/store/vxz37q4mvb6mgpnsndgls4k8h912xki7-mnw-configDir/pack/mnw/start/nvim-dap/plugin/dap.lua
028.915  000.080  000.080: require('nvim-treesitter.utils')
030.258  000.073  000.073: require('vim.treesitter.language')
030.301  000.041  000.041: require('vim.func')
030.362  000.058  000.058: require('vim.func._memoize')
030.375  000.457  000.285: require('vim.treesitter.query')
030.456  000.080  000.080: require('vim.treesitter._range')
030.462  000.845  000.307: require('vim.treesitter.languagetree')
030.465  001.009  000.164: require('vim.treesitter')
030.752  001.836  000.827: require('nvim-treesitter.parsers')
031.165  000.039  000.039: require('nvim-treesitter.compat')
031.377  000.139  000.139: require('nvim-treesitter.ts_utils')
031.379  000.213  000.074: require('nvim-treesitter.tsrange')
031.424  000.044  000.044: require('nvim-treesitter.caching')
031.428  000.428  000.132: require('nvim-treesitter.query')
031.433  000.592  000.164: require('nvim-treesitter.configs')
031.434  000.681  000.089: require('nvim-treesitter.info')
031.546  000.111  000.111: require('nvim-treesitter.shell_command_selectors')
031.560  002.986  000.279: require('nvim-treesitter.install')
031.612  000.052  000.052: require('nvim-treesitter.statusline')
031.693  000.079  000.079: require('nvim-treesitter.query_predicates')
031.694  003.909  000.792: require('nvim-treesitter')
031.999  004.230  000.321: sourcing /nix/store/vxz37q4mvb6mgpnsndgls4k8h912xki7-mnw-configDir/pack/mnw/start/nvim-treesitter/plugin/nvim-treesitter.lua
032.088  000.013  000.013: sourcing /nix/store/vxz37q4mvb6mgpnsndgls4k8h912xki7-mnw-configDir/pack/mnw/start/plenary-nvim/plugin/plenary.vim
032.183  000.043  000.043: sourcing /nix/store/vxz37q4mvb6mgpnsndgls4k8h912xki7-mnw-configDir/pack/mnw/start/rainbow-delimiters-nvim/plugin/rainbow-delimiters.lua
032.372  000.021  000.021: sourcing /nix/store/vxz37q4mvb6mgpnsndgls4k8h912xki7-mnw-configDir/pack/mnw/start/typst-preview-nvim/plugin/init.lua
032.440  000.013  000.013: sourcing /nix/store/vxz37q4mvb6mgpnsndgls4k8h912xki7-mnw-configDir/pack/mnw/start/which-key-nvim/plugin/which-key.lua
032.539  000.907: loading packages
032.614  000.027  000.027: sourcing /nix/store/vxz37q4mvb6mgpnsndgls4k8h912xki7-mnw-configDir/pack/mnw/start/indent-blankline-nvim/after/plugin/commands.lua
032.616  000.050: loading after plugins
032.621  000.006: inits 3
033.528  000.907: reading ShaDa
033.625  000.097: opening buffers
033.667  000.042: BufEnter autocommands
033.669  000.001: editing files in windows
034.506  000.838: VimEnter autocommands
034.666  000.131  000.131: require('vim.termcap')
034.689  000.013  000.013: require('vim.text')
034.704  000.054: UIEnter autocommands
034.706  000.002: before starting main loop
034.843  000.112  000.112: require('vim.uri')
035.072  000.254: first screen update
035.073  000.001: --- NVIM STARTED ---

